0 verbose cli [ '/usr/bin/node', '/usr/bin/npm', 'install', 'express', 'socket.io' ]
1 info using npm@8.5.1
2 info using node@v12.22.9
3 timing npm:load:whichnode Completed in 1ms
4 timing config:load:defaults Completed in 8ms
5 timing config:load:file:/usr/share/nodejs/npm/npmrc Completed in 15ms
6 timing config:load:builtin Completed in 15ms
7 timing config:load:cli Completed in 6ms
8 timing config:load:env Completed in 1ms
9 timing config:load:project Completed in 8ms
10 timing config:load:file:/home/ubuntu/.npmrc Completed in 1ms
11 timing config:load:user Completed in 3ms
12 timing config:load:file:/etc/npmrc Completed in 1ms
13 timing config:load:global Completed in 2ms
14 timing config:load:validate Completed in 1ms
15 timing config:load:credentials Completed in 3ms
16 timing config:load:setEnvs Completed in 4ms
17 timing config:load Completed in 55ms
18 timing npm:load:configload Completed in 56ms
19 timing npm:load:setTitle Completed in 2ms
20 timing config:load:flatten Completed in 11ms
21 timing npm:load:display Completed in 19ms
22 verbose logfile /home/ubuntu/.npm/_logs/2025-04-07T03_47_04_388Z-debug-0.log
23 timing npm:load:logFile Completed in 21ms
24 timing npm:load:timers Completed in 0ms
25 timing npm:load:configScope Completed in 0ms
26 timing npm:load Completed in 103ms
27 timing arborist:ctor Completed in 3ms
28 timing arborist:ctor Completed in 1ms
29 timing idealTree:init Completed in 78ms
30 timing idealTree:userRequests Completed in 18ms
31 silly idealTree buildDeps
32 silly fetch manifest express@*
33 http fetch GET 200 https://registry.npmjs.org/express 350ms (cache miss)
34 silly fetch manifest socket.io@*
35 http fetch GET 200 https://registry.npmjs.org/socket.io 281ms (cache miss)
36 silly placeDep ROOT express@5.1.0 OK for: ubuntu@1.0.0 want: *
37 silly placeDep ROOT socket.io@4.8.1 OK for: ubuntu@1.0.0 want: *
38 silly fetch manifest qs@^6.14.0
39 silly fetch manifest etag@^1.8.1
40 silly fetch manifest once@^1.4.0
41 silly fetch manifest send@^1.1.0
42 silly fetch manifest vary@^1.1.2
43 silly fetch manifest debug@^4.4.0
44 silly fetch manifest fresh@^2.0.0
45 silly fetch manifest cookie@^0.7.1
46 silly fetch manifest router@^2.2.0
47 silly fetch manifest accepts@^2.0.0
48 silly fetch manifest type-is@^2.0.1
49 silly fetch manifest parseurl@^1.3.3
50 silly fetch manifest statuses@^2.0.1
51 silly fetch manifest encodeurl@^2.0.0
52 silly fetch manifest mime-types@^3.0.0
53 silly fetch manifest proxy-addr@^2.0.7
54 silly fetch manifest body-parser@^2.2.0
55 silly fetch manifest escape-html@^1.0.3
56 silly fetch manifest http-errors@^2.0.0
57 silly fetch manifest on-finished@^2.4.1
58 silly fetch manifest content-type@^1.0.5
59 silly fetch manifest finalhandler@^2.1.0
60 silly fetch manifest range-parser@^1.2.1
61 silly fetch manifest serve-static@^2.2.0
62 silly fetch manifest cookie-signature@^1.2.1
63 silly fetch manifest merge-descriptors@^2.0.0
64 silly fetch manifest content-disposition@^1.0.0
65 silly fetch manifest cors@~2.8.5
66 silly fetch manifest debug@~4.3.2
67 silly fetch manifest accepts@~1.3.4
68 silly fetch manifest base64id@~2.0.0
69 silly fetch manifest engine.io@~6.6.0
70 silly fetch manifest socket.io-parser@~4.2.4
71 silly fetch manifest socket.io-adapter@~2.5.2
72 http fetch GET 200 https://registry.npmjs.org/qs 474ms (cache miss)
73 http fetch GET 200 https://registry.npmjs.org/cookie 440ms (cache miss)
74 http fetch GET 200 https://registry.npmjs.org/encodeurl 682ms (cache miss)
75 http fetch GET 200 https://registry.npmjs.org/once 765ms (cache miss)
76 http fetch GET 200 https://registry.npmjs.org/proxy-addr 680ms (cache miss)
77 http fetch GET 200 https://registry.npmjs.org/statuses 701ms (cache miss)
78 http fetch GET 200 https://registry.npmjs.org/mime-types 717ms (cache miss)
79 http fetch GET 200 https://registry.npmjs.org/router 770ms (cache miss)
80 http fetch GET 200 https://registry.npmjs.org/body-parser 744ms (cache miss)
81 http fetch GET 200 https://registry.npmjs.org/on-finished 1062ms (cache miss)
82 http fetch GET 200 https://registry.npmjs.org/escape-html 1130ms (cache miss)
83 http fetch GET 200 https://registry.npmjs.org/parseurl 1171ms (cache miss)
84 http fetch GET 200 https://registry.npmjs.org/vary 1235ms (cache miss)
85 http fetch GET 200 https://registry.npmjs.org/content-type 1135ms (cache miss)
86 http fetch GET 200 https://registry.npmjs.org/fresh 1229ms (cache miss)
87 http fetch GET 200 https://registry.npmjs.org/finalhandler 1144ms (cache miss)
88 http fetch GET 200 https://registry.npmjs.org/range-parser 1152ms (cache miss)
89 http fetch GET 200 https://registry.npmjs.org/http-errors 1200ms (cache miss)
90 http fetch GET 200 https://registry.npmjs.org/serve-static 1191ms (cache miss)
91 http fetch GET 200 https://registry.npmjs.org/cookie-signature 1212ms (cache miss)
92 http fetch GET 200 https://registry.npmjs.org/content-disposition 1208ms (cache miss)
93 http fetch GET 200 https://registry.npmjs.org/merge-descriptors 1216ms (cache miss)
94 http fetch GET 200 https://registry.npmjs.org/base64id 1200ms (cache miss)
95 http fetch GET 200 https://registry.npmjs.org/cors 1222ms (cache miss)
96 http fetch GET 200 https://registry.npmjs.org/socket.io-adapter 1194ms (cache miss)
97 http fetch GET 200 https://registry.npmjs.org/socket.io-parser 1221ms (cache miss)
98 http fetch GET 200 https://registry.npmjs.org/engine.io 1250ms (cache miss)
99 http fetch GET 200 https://registry.npmjs.org/etag 1768ms (cache miss)
100 http fetch GET 200 https://registry.npmjs.org/type-is 1710ms (cache miss)
101 http fetch GET 200 https://registry.npmjs.org/accepts 1724ms (cache miss)
102 http fetch GET 200 https://registry.npmjs.org/send 1779ms (cache miss)
103 http fetch GET 200 https://registry.npmjs.org/debug 1781ms (cache miss)
104 timing idealTree:#root Completed in 2570ms
105 silly placeDep ROOT accepts@2.0.0 OK for: express@5.1.0 want: ^2.0.0
106 silly placeDep ROOT body-parser@2.2.0 OK for: express@5.1.0 want: ^2.2.0
107 silly placeDep ROOT content-disposition@1.0.0 OK for: express@5.1.0 want: ^1.0.0
108 silly placeDep ROOT content-type@1.0.5 OK for: express@5.1.0 want: ^1.0.5
109 silly placeDep ROOT cookie@0.7.2 OK for: express@5.1.0 want: ^0.7.1
110 silly placeDep ROOT cookie-signature@1.2.2 OK for: express@5.1.0 want: ^1.2.1
111 silly placeDep ROOT debug@4.4.0 OK for: express@5.1.0 want: ^4.4.0
112 silly placeDep ROOT encodeurl@2.0.0 OK for: express@5.1.0 want: ^2.0.0
113 silly placeDep ROOT escape-html@1.0.3 OK for: express@5.1.0 want: ^1.0.3
114 silly placeDep ROOT etag@1.8.1 OK for: express@5.1.0 want: ^1.8.1
115 silly placeDep ROOT finalhandler@2.1.0 OK for: express@5.1.0 want: ^2.1.0
116 silly placeDep ROOT fresh@2.0.0 OK for: express@5.1.0 want: ^2.0.0
117 silly placeDep ROOT http-errors@2.0.0 OK for: express@5.1.0 want: ^2.0.0
118 silly placeDep ROOT merge-descriptors@2.0.0 OK for: express@5.1.0 want: ^2.0.0
119 silly placeDep ROOT mime-types@3.0.1 OK for: express@5.1.0 want: ^3.0.0
120 silly placeDep ROOT on-finished@2.4.1 OK for: express@5.1.0 want: ^2.4.1
121 silly placeDep ROOT once@1.4.0 OK for: express@5.1.0 want: ^1.4.0
122 silly placeDep ROOT parseurl@1.3.3 OK for: express@5.1.0 want: ^1.3.3
123 silly placeDep ROOT proxy-addr@2.0.7 OK for: express@5.1.0 want: ^2.0.7
124 silly placeDep ROOT qs@6.14.0 OK for: express@5.1.0 want: ^6.14.0
125 silly placeDep ROOT range-parser@1.2.1 OK for: express@5.1.0 want: ^1.2.1
126 silly placeDep ROOT router@2.2.0 OK for: express@5.1.0 want: ^2.2.0
127 silly placeDep ROOT send@1.2.0 OK for: express@5.1.0 want: ^1.1.0
128 silly placeDep ROOT serve-static@2.2.0 OK for: express@5.1.0 want: ^2.2.0
129 silly placeDep ROOT statuses@2.0.1 OK for: express@5.1.0 want: ^2.0.1
130 silly placeDep ROOT type-is@2.0.1 OK for: express@5.1.0 want: ^2.0.1
131 silly placeDep ROOT vary@1.1.2 OK for: express@5.1.0 want: ^1.1.2
132 silly fetch manifest negotiator@^1.0.0
133 silly fetch manifest bytes@^3.1.2
134 silly fetch manifest iconv-lite@^0.6.3
135 silly fetch manifest raw-body@^3.0.0
136 silly fetch manifest safe-buffer@5.2.1
137 silly fetch manifest ms@^2.1.3
138 silly fetch manifest depd@2.0.0
139 silly fetch manifest inherits@2.0.4
140 silly fetch manifest setprototypeof@1.2.0
141 silly fetch manifest toidentifier@1.0.1
142 silly fetch manifest mime-db@^1.54.0
143 silly fetch manifest ee-first@1.1.1
144 silly fetch manifest wrappy@1
145 silly fetch manifest forwarded@0.2.0
146 silly fetch manifest ipaddr.js@1.9.1
147 silly fetch manifest side-channel@^1.1.0
148 silly fetch manifest depd@^2.0.0
149 silly fetch manifest is-promise@^4.0.0
150 silly fetch manifest path-to-regexp@^8.0.0
151 silly fetch manifest media-typer@^1.1.0
152 http fetch GET 200 https://registry.npmjs.org/toidentifier 579ms (cache miss)
153 http fetch GET 200 https://registry.npmjs.org/wrappy 657ms (cache miss)
154 http fetch GET 200 https://registry.npmjs.org/bytes 727ms (cache miss)
155 http fetch GET 200 https://registry.npmjs.org/setprototypeof 704ms (cache miss)
156 http fetch GET 200 https://registry.npmjs.org/inherits 718ms (cache miss)
157 http fetch GET 200 https://registry.npmjs.org/ee-first 725ms (cache miss)
158 http fetch GET 200 https://registry.npmjs.org/safe-buffer 773ms (cache miss)
159 http fetch GET 200 https://registry.npmjs.org/ms 774ms (cache miss)
160 http fetch GET 200 https://registry.npmjs.org/negotiator 812ms (cache miss)
161 http fetch GET 200 https://registry.npmjs.org/ipaddr.js 740ms (cache miss)
162 http fetch GET 200 https://registry.npmjs.org/raw-body 835ms (cache miss)
163 http fetch GET 200 https://registry.npmjs.org/forwarded 787ms (cache miss)
164 http fetch GET 200 https://registry.npmjs.org/side-channel 781ms (cache miss)
165 http fetch GET 200 https://registry.npmjs.org/mime-db 816ms (cache miss)
166 http fetch GET 200 https://registry.npmjs.org/depd 853ms (cache miss)
167 http fetch GET 200 https://registry.npmjs.org/is-promise 805ms (cache miss)
168 http fetch GET 200 https://registry.npmjs.org/media-typer 780ms (cache miss)
169 http fetch GET 200 https://registry.npmjs.org/iconv-lite 904ms (cache miss)
170 http fetch GET 200 https://registry.npmjs.org/path-to-regexp 824ms (cache miss)
171 timing idealTree:node_modules/express Completed in 1274ms
172 silly placeDep ROOT negotiator@1.0.0 OK for: accepts@2.0.0 want: ^1.0.0
173 timing idealTree:node_modules/accepts Completed in 7ms
174 silly placeDep ROOT bytes@3.1.2 OK for: body-parser@2.2.0 want: ^3.1.2
175 silly placeDep ROOT iconv-lite@0.6.3 OK for: body-parser@2.2.0 want: ^0.6.3
176 silly placeDep ROOT raw-body@3.0.0 OK for: body-parser@2.2.0 want: ^3.0.0
177 silly fetch manifest safer-buffer@>= 2.1.2 < 3.0.0
178 silly fetch manifest unpipe@1.0.0
179 http fetch GET 200 https://registry.npmjs.org/safer-buffer 280ms (cache miss)
180 http fetch GET 200 https://registry.npmjs.org/unpipe 284ms (cache miss)
181 timing idealTree:node_modules/body-parser Completed in 316ms
182 timing idealTree:node_modules/bytes Completed in 0ms
183 silly placeDep ROOT safe-buffer@5.2.1 OK for: content-disposition@1.0.0 want: 5.2.1
184 timing idealTree:node_modules/content-disposition Completed in 9ms
185 timing idealTree:node_modules/content-type Completed in 0ms
186 timing idealTree:node_modules/cookie Completed in 1ms
187 timing idealTree:node_modules/cookie-signature Completed in 0ms
188 silly placeDep ROOT ms@2.1.3 OK for: debug@4.4.0 want: ^2.1.3
189 timing idealTree:node_modules/debug Completed in 7ms
190 timing idealTree:node_modules/encodeurl Completed in 0ms
191 timing idealTree:node_modules/escape-html Completed in 0ms
192 timing idealTree:node_modules/etag Completed in 0ms
193 timing idealTree:node_modules/finalhandler Completed in 0ms
194 timing idealTree:node_modules/fresh Completed in 0ms
195 silly placeDep ROOT depd@2.0.0 OK for: http-errors@2.0.0 want: 2.0.0
196 silly placeDep ROOT inherits@2.0.4 OK for: http-errors@2.0.0 want: 2.0.4
197 silly placeDep ROOT setprototypeof@1.2.0 OK for: http-errors@2.0.0 want: 1.2.0
198 silly placeDep ROOT toidentifier@1.0.1 OK for: http-errors@2.0.0 want: 1.0.1
199 timing idealTree:node_modules/http-errors Completed in 31ms
200 timing idealTree:node_modules/depd Completed in 0ms
201 silly placeDep ROOT safer-buffer@2.1.2 OK for: iconv-lite@0.6.3 want: >= 2.1.2 < 3.0.0
202 timing idealTree:node_modules/iconv-lite Completed in 7ms
203 timing idealTree:node_modules/inherits Completed in 0ms
204 timing idealTree:node_modules/merge-descriptors Completed in 1ms
205 silly placeDep ROOT mime-db@1.54.0 OK for: mime-types@3.0.1 want: ^1.54.0
206 timing idealTree:node_modules/mime-types Completed in 7ms
207 timing idealTree:node_modules/mime-db Completed in 0ms
208 timing idealTree:node_modules/ms Completed in 0ms
209 timing idealTree:node_modules/negotiator Completed in 0ms
210 silly placeDep ROOT ee-first@1.1.1 OK for: on-finished@2.4.1 want: 1.1.1
211 timing idealTree:node_modules/on-finished Completed in 4ms
212 timing idealTree:node_modules/ee-first Completed in 0ms
213 silly placeDep ROOT wrappy@1.0.2 OK for: once@1.4.0 want: 1
214 timing idealTree:node_modules/once Completed in 6ms
215 timing idealTree:node_modules/parseurl Completed in 0ms
216 silly placeDep ROOT forwarded@0.2.0 OK for: proxy-addr@2.0.7 want: 0.2.0
217 silly placeDep ROOT ipaddr.js@1.9.1 OK for: proxy-addr@2.0.7 want: 1.9.1
218 timing idealTree:node_modules/proxy-addr Completed in 11ms
219 timing idealTree:node_modules/forwarded Completed in 0ms
220 timing idealTree:node_modules/ipaddr.js Completed in 1ms
221 silly placeDep ROOT side-channel@1.1.0 OK for: qs@6.14.0 want: ^1.1.0
222 silly fetch manifest es-errors@^1.3.0
223 silly fetch manifest object-inspect@^1.13.3
224 silly fetch manifest side-channel-list@^1.0.0
225 silly fetch manifest side-channel-map@^1.0.1
226 silly fetch manifest side-channel-weakmap@^1.0.2
227 http fetch GET 200 https://registry.npmjs.org/side-channel-list 356ms (cache miss)
228 http fetch GET 200 https://registry.npmjs.org/side-channel-map 355ms (cache miss)
229 http fetch GET 200 https://registry.npmjs.org/side-channel-weakmap 355ms (cache miss)
230 http fetch GET 200 https://registry.npmjs.org/es-errors 372ms (cache miss)
231 http fetch GET 200 https://registry.npmjs.org/object-inspect 372ms (cache miss)
232 timing idealTree:node_modules/qs Completed in 395ms
233 timing idealTree:node_modules/range-parser Completed in 0ms
234 silly placeDep ROOT unpipe@1.0.0 OK for: raw-body@3.0.0 want: 1.0.0
235 timing idealTree:node_modules/raw-body Completed in 10ms
236 silly placeDep ROOT is-promise@4.0.0 OK for: router@2.2.0 want: ^4.0.0
237 silly placeDep ROOT path-to-regexp@8.2.0 OK for: router@2.2.0 want: ^8.0.0
238 timing idealTree:node_modules/router Completed in 14ms
239 timing idealTree:node_modules/is-promise Completed in 0ms
240 timing idealTree:node_modules/path-to-regexp Completed in 0ms
241 timing idealTree:node_modules/safe-buffer Completed in 0ms
242 timing idealTree:node_modules/safer-buffer Completed in 0ms
243 timing idealTree:node_modules/send Completed in 0ms
244 timing idealTree:node_modules/serve-static Completed in 0ms
245 timing idealTree:node_modules/setprototypeof Completed in 0ms
246 silly placeDep ROOT es-errors@1.3.0 OK for: side-channel@1.1.0 want: ^1.3.0
247 silly placeDep ROOT object-inspect@1.13.4 OK for: side-channel@1.1.0 want: ^1.13.3
248 silly placeDep ROOT side-channel-list@1.0.0 OK for: side-channel@1.1.0 want: ^1.0.0
249 silly placeDep ROOT side-channel-map@1.0.1 OK for: side-channel@1.1.0 want: ^1.0.1
250 silly placeDep ROOT side-channel-weakmap@1.0.2 OK for: side-channel@1.1.0 want: ^1.0.2
251 silly fetch manifest call-bound@^1.0.2
252 silly fetch manifest get-intrinsic@^1.2.5
253 http fetch GET 200 https://registry.npmjs.org/call-bound 276ms (cache miss)
254 http fetch GET 200 https://registry.npmjs.org/get-intrinsic 283ms (cache miss)
255 timing idealTree:node_modules/side-channel Completed in 323ms
256 timing idealTree:node_modules/es-errors Completed in 0ms
257 timing idealTree:node_modules/object-inspect Completed in 0ms
258 timing idealTree:node_modules/side-channel-list Completed in 0ms
259 silly placeDep ROOT call-bound@1.0.4 OK for: side-channel-map@1.0.1 want: ^1.0.2
260 silly placeDep ROOT get-intrinsic@1.3.0 OK for: side-channel-map@1.0.1 want: ^1.2.5
261 silly fetch manifest call-bind-apply-helpers@^1.0.2
262 silly fetch manifest es-define-property@^1.0.1
263 silly fetch manifest es-object-atoms@^1.1.1
264 silly fetch manifest function-bind@^1.1.2
265 silly fetch manifest get-proto@^1.0.1
266 silly fetch manifest gopd@^1.2.0
267 silly fetch manifest has-symbols@^1.1.0
268 silly fetch manifest hasown@^2.0.2
269 silly fetch manifest math-intrinsics@^1.1.0
270 http fetch GET 200 https://registry.npmjs.org/hasown 425ms (cache miss)
271 http fetch GET 200 https://registry.npmjs.org/get-proto 438ms (cache miss)
272 http fetch GET 200 https://registry.npmjs.org/es-object-atoms 450ms (cache miss)
273 http fetch GET 200 https://registry.npmjs.org/gopd 444ms (cache miss)
274 http fetch GET 200 https://registry.npmjs.org/es-define-property 461ms (cache miss)
275 http fetch GET 200 https://registry.npmjs.org/call-bind-apply-helpers 468ms (cache miss)
276 http fetch GET 200 https://registry.npmjs.org/math-intrinsics 442ms (cache miss)
277 http fetch GET 200 https://registry.npmjs.org/has-symbols 453ms (cache miss)
278 http fetch GET 200 https://registry.npmjs.org/function-bind 474ms (cache miss)
279 timing idealTree:node_modules/side-channel-map Completed in 511ms
280 silly placeDep ROOT call-bind-apply-helpers@1.0.2 OK for: call-bound@1.0.4 want: ^1.0.2
281 timing idealTree:node_modules/call-bound Completed in 8ms
282 silly placeDep ROOT function-bind@1.1.2 OK for: call-bind-apply-helpers@1.0.2 want: ^1.1.2
283 timing idealTree:node_modules/call-bind-apply-helpers Completed in 7ms
284 timing idealTree:node_modules/function-bind Completed in 0ms
285 silly placeDep ROOT es-define-property@1.0.1 OK for: get-intrinsic@1.3.0 want: ^1.0.1
286 silly placeDep ROOT es-object-atoms@1.1.1 OK for: get-intrinsic@1.3.0 want: ^1.1.1
287 silly placeDep ROOT get-proto@1.0.1 OK for: get-intrinsic@1.3.0 want: ^1.0.1
288 silly placeDep ROOT gopd@1.2.0 OK for: get-intrinsic@1.3.0 want: ^1.2.0
289 silly placeDep ROOT has-symbols@1.1.0 OK for: get-intrinsic@1.3.0 want: ^1.1.0
290 silly placeDep ROOT hasown@2.0.2 OK for: get-intrinsic@1.3.0 want: ^2.0.2
291 silly placeDep ROOT math-intrinsics@1.1.0 OK for: get-intrinsic@1.3.0 want: ^1.1.0
292 silly fetch manifest dunder-proto@^1.0.1
293 http fetch GET 200 https://registry.npmjs.org/dunder-proto 668ms (cache miss)
294 timing idealTree:node_modules/get-intrinsic Completed in 718ms
295 timing idealTree:node_modules/es-define-property Completed in 0ms
296 timing idealTree:node_modules/es-object-atoms Completed in 0ms
297 silly placeDep ROOT dunder-proto@1.0.1 OK for: get-proto@1.0.1 want: ^1.0.1
298 timing idealTree:node_modules/get-proto Completed in 20ms
299 timing idealTree:node_modules/dunder-proto Completed in 0ms
300 timing idealTree:node_modules/gopd Completed in 0ms
301 timing idealTree:node_modules/has-symbols Completed in 0ms
302 timing idealTree:node_modules/hasown Completed in 0ms
303 timing idealTree:node_modules/math-intrinsics Completed in 0ms
304 timing idealTree:node_modules/side-channel-weakmap Completed in 0ms
305 silly placeDep node_modules/socket.io accepts@1.3.8 OK for: socket.io@4.8.1 want: ~1.3.4
306 silly placeDep ROOT base64id@2.0.0 OK for: socket.io@4.8.1 want: ~2.0.0
307 silly placeDep ROOT cors@2.8.5 OK for: socket.io@4.8.1 want: ~2.8.5
308 silly placeDep node_modules/socket.io debug@4.3.7 OK for: socket.io@4.8.1 want: ~4.3.2
309 silly placeDep ROOT engine.io@6.6.4 OK for: socket.io@4.8.1 want: ~6.6.0
310 silly placeDep ROOT socket.io-adapter@2.5.5 OK for: socket.io@4.8.1 want: ~2.5.2
311 silly placeDep ROOT socket.io-parser@4.2.4 OK for: socket.io@4.8.1 want: ~4.2.4
312 silly fetch manifest mime-types@~2.1.34
313 silly fetch manifest negotiator@0.6.3
314 silly fetch manifest object-assign@^4
315 silly fetch manifest @types/cors@^2.8.12
316 silly fetch manifest @types/node@>=10.0.0
317 silly fetch manifest debug@~4.3.1
318 silly fetch manifest engine.io-parser@~5.2.1
319 silly fetch manifest ws@~8.17.1
320 silly fetch manifest debug@~4.3.4
321 silly fetch manifest @socket.io/component-emitter@~3.1.0
322 http fetch GET 200 https://registry.npmjs.org/object-assign 340ms (cache miss)
323 http fetch GET 200 https://registry.npmjs.org/engine.io-parser 352ms (cache miss)
324 http fetch GET 200 https://registry.npmjs.org/ws 369ms (cache miss)
325 http fetch GET 200 https://registry.npmjs.org/@types%2fcors 578ms (cache miss)
326 http fetch GET 200 https://registry.npmjs.org/@socket.io%2fcomponent-emitter 564ms (cache miss)
327 http fetch GET 200 https://registry.npmjs.org/@types%2fnode 774ms (cache miss)
328 timing idealTree:node_modules/socket.io Completed in 909ms
329 timing idealTree:node_modules/base64id Completed in 0ms
330 silly placeDep ROOT object-assign@4.1.1 OK for: cors@2.8.5 want: ^4
331 timing idealTree:node_modules/cors Completed in 7ms
332 silly fetch manifest bufferutil@^4.0.1
333 http fetch GET 200 https://registry.npmjs.org/bufferutil 288ms (cache miss)
334 silly fetch manifest utf-8-validate@>=5.0.2
335 http fetch GET 200 https://registry.npmjs.org/utf-8-validate 280ms (cache miss)
336 silly placeDep ROOT @types/cors@2.8.17 OK for: engine.io@6.6.4 want: ^2.8.12
337 silly placeDep ROOT @types/node@22.14.0 OK for: engine.io@6.6.4 want: >=10.0.0
338 silly placeDep node_modules/engine.io accepts@1.3.8 OK for: engine.io@6.6.4 want: ~1.3.4
339 silly placeDep node_modules/engine.io debug@4.3.7 OK for: engine.io@6.6.4 want: ~4.3.1
340 silly placeDep ROOT engine.io-parser@5.2.3 OK for: engine.io@6.6.4 want: ~5.2.1
341 silly placeDep ROOT ws@8.17.1 OK for: engine.io@6.6.4 want: ~8.17.1
342 silly fetch manifest undici-types@~6.21.0
343 http fetch GET 200 https://registry.npmjs.org/undici-types 270ms (cache miss)
344 timing idealTree:node_modules/engine.io Completed in 943ms
345 timing idealTree:node_modules/@types/cors Completed in 0ms
346 silly placeDep ROOT undici-types@6.21.0 OK for: @types/node@22.14.0 want: ~6.21.0
347 timing idealTree:node_modules/@types/node Completed in 8ms
348 timing idealTree:node_modules/engine.io-parser Completed in 0ms
349 timing idealTree:node_modules/object-assign Completed in 0ms
350 silly placeDep node_modules/socket.io-adapter debug@4.3.7 OK for: socket.io-adapter@2.5.5 want: ~4.3.4
351 timing idealTree:node_modules/socket.io-adapter Completed in 8ms
352 silly placeDep ROOT @socket.io/component-emitter@3.1.2 OK for: socket.io-parser@4.2.4 want: ~3.1.0
353 silly placeDep node_modules/socket.io-parser debug@4.3.7 OK for: socket.io-parser@4.2.4 want: ~4.3.1
354 timing idealTree:node_modules/socket.io-parser Completed in 25ms
355 timing idealTree:node_modules/@socket.io/component-emitter Completed in 1ms
356 timing idealTree:node_modules/statuses Completed in 0ms
357 timing idealTree:node_modules/toidentifier Completed in 0ms
358 silly placeDep ROOT media-typer@1.1.0 OK for: type-is@2.0.1 want: ^1.1.0
359 timing idealTree:node_modules/type-is Completed in 7ms
360 timing idealTree:node_modules/media-typer Completed in 0ms
361 timing idealTree:node_modules/undici-types Completed in 0ms
362 timing idealTree:node_modules/unpipe Completed in 0ms
363 timing idealTree:node_modules/vary Completed in 0ms
364 timing idealTree:node_modules/wrappy Completed in 0ms
365 timing idealTree:node_modules/ws Completed in 0ms
366 silly placeDep node_modules/engine.io mime-types@2.1.35 OK for: accepts@1.3.8 want: ~2.1.34
367 silly placeDep node_modules/engine.io negotiator@0.6.3 OK for: accepts@1.3.8 want: 0.6.3
368 silly fetch manifest mime-db@1.52.0
369 timing idealTree:node_modules/engine.io/node_modules/accepts Completed in 47ms
370 timing idealTree:node_modules/engine.io/node_modules/debug Completed in 0ms
371 silly placeDep node_modules/engine.io mime-db@1.52.0 OK for: mime-types@2.1.35 want: 1.52.0
372 timing idealTree:node_modules/engine.io/node_modules/mime-types Completed in 8ms
373 timing idealTree:node_modules/engine.io/node_modules/mime-db Completed in 0ms
374 timing idealTree:node_modules/engine.io/node_modules/negotiator Completed in 0ms
375 timing idealTree:node_modules/socket.io-adapter/node_modules/debug Completed in 0ms
376 timing idealTree:node_modules/socket.io-parser/node_modules/debug Completed in 0ms
377 silly placeDep node_modules/socket.io mime-types@2.1.35 OK for: accepts@1.3.8 want: ~2.1.34
378 silly placeDep node_modules/socket.io negotiator@0.6.3 OK for: accepts@1.3.8 want: 0.6.3
379 timing idealTree:node_modules/socket.io/node_modules/accepts Completed in 18ms
380 timing idealTree:node_modules/socket.io/node_modules/debug Completed in 0ms
381 silly placeDep node_modules/socket.io mime-db@1.52.0 OK for: mime-types@2.1.35 want: 1.52.0
382 timing idealTree:node_modules/socket.io/node_modules/mime-types Completed in 5ms
383 timing idealTree:node_modules/socket.io/node_modules/mime-db Completed in 0ms
384 timing idealTree:node_modules/socket.io/node_modules/negotiator Completed in 0ms
385 timing idealTree:buildDeps Completed in 8292ms
386 timing idealTree:fixDepFlags Completed in 8ms
387 warn EBADENGINE Unsupported engine {
387 warn EBADENGINE   package: 'express@5.1.0',
387 warn EBADENGINE   required: { node: '>= 18' },
387 warn EBADENGINE   current: { node: 'v12.22.9', npm: '8.5.1' }
387 warn EBADENGINE }
388 warn EBADENGINE Unsupported engine {
388 warn EBADENGINE   package: 'body-parser@2.2.0',
388 warn EBADENGINE   required: { node: '>=18' },
388 warn EBADENGINE   current: { node: 'v12.22.9', npm: '8.5.1' }
388 warn EBADENGINE }
389 warn EBADENGINE Unsupported engine {
389 warn EBADENGINE   package: 'merge-descriptors@2.0.0',
389 warn EBADENGINE   required: { node: '>=18' },
389 warn EBADENGINE   current: { node: 'v12.22.9', npm: '8.5.1' }
389 warn EBADENGINE }
390 warn EBADENGINE Unsupported engine {
390 warn EBADENGINE   package: 'router@2.2.0',
390 warn EBADENGINE   required: { node: '>= 18' },
390 warn EBADENGINE   current: { node: 'v12.22.9', npm: '8.5.1' }
390 warn EBADENGINE }
391 warn EBADENGINE Unsupported engine {
391 warn EBADENGINE   package: 'send@1.2.0',
391 warn EBADENGINE   required: { node: '>= 18' },
391 warn EBADENGINE   current: { node: 'v12.22.9', npm: '8.5.1' }
391 warn EBADENGINE }
392 warn EBADENGINE Unsupported engine {
392 warn EBADENGINE   package: 'serve-static@2.2.0',
392 warn EBADENGINE   required: { node: '>= 18' },
392 warn EBADENGINE   current: { node: 'v12.22.9', npm: '8.5.1' }
392 warn EBADENGINE }
393 warn EBADENGINE Unsupported engine {
393 warn EBADENGINE   package: 'path-to-regexp@8.2.0',
393 warn EBADENGINE   required: { node: '>=16' },
393 warn EBADENGINE   current: { node: 'v12.22.9', npm: '8.5.1' }
393 warn EBADENGINE }
394 timing idealTree Completed in 8445ms
395 timing reify:loadTrees Completed in 8451ms
396 timing reify:diffTrees Completed in 15ms
397 silly reify moves {}
398 timing reify:retireShallow Completed in 1ms
399 timing reify:createSparse Completed in 158ms
400 timing reify:loadBundles Completed in 0ms
401 silly audit bulk request {
401 silly audit   express: [ '5.1.0' ],
401 silly audit   'socket.io': [ '4.8.1' ],
401 silly audit   accepts: [ '2.0.0', '1.3.8' ],
401 silly audit   'body-parser': [ '2.2.0' ],
401 silly audit   'content-disposition': [ '1.0.0' ],
401 silly audit   'content-type': [ '1.0.5' ],
401 silly audit   cookie: [ '0.7.2' ],
401 silly audit   'cookie-signature': [ '1.2.2' ],
401 silly audit   debug: [ '4.4.0', '4.3.7' ],
401 silly audit   encodeurl: [ '2.0.0' ],
401 silly audit   'escape-html': [ '1.0.3' ],
401 silly audit   etag: [ '1.8.1' ],
401 silly audit   finalhandler: [ '2.1.0' ],
401 silly audit   fresh: [ '2.0.0' ],
401 silly audit   'http-errors': [ '2.0.0' ],
401 silly audit   'merge-descriptors': [ '2.0.0' ],
401 silly audit   'mime-types': [ '3.0.1', '2.1.35' ],
401 silly audit   'on-finished': [ '2.4.1' ],
401 silly audit   once: [ '1.4.0' ],
401 silly audit   parseurl: [ '1.3.3' ],
401 silly audit   'proxy-addr': [ '2.0.7' ],
401 silly audit   qs: [ '6.14.0' ],
401 silly audit   'range-parser': [ '1.2.1' ],
401 silly audit   router: [ '2.2.0' ],
401 silly audit   send: [ '1.2.0' ],
401 silly audit   'serve-static': [ '2.2.0' ],
401 silly audit   statuses: [ '2.0.1' ],
401 silly audit   'type-is': [ '2.0.1' ],
401 silly audit   vary: [ '1.1.2' ],
401 silly audit   negotiator: [ '1.0.0', '0.6.3' ],
401 silly audit   bytes: [ '3.1.2' ],
401 silly audit   'iconv-lite': [ '0.6.3' ],
401 silly audit   'raw-body': [ '3.0.0' ],
401 silly audit   'safe-buffer': [ '5.2.1' ],
401 silly audit   ms: [ '2.1.3' ],
401 silly audit   depd: [ '2.0.0' ],
401 silly audit   inherits: [ '2.0.4' ],
401 silly audit   setprototypeof: [ '1.2.0' ],
401 silly audit   toidentifier: [ '1.0.1' ],
401 silly audit   'safer-buffer': [ '2.1.2' ],
401 silly audit   'mime-db': [ '1.54.0', '1.52.0' ],
401 silly audit   'ee-first': [ '1.1.1' ],
401 silly audit   wrappy: [ '1.0.2' ],
401 silly audit   forwarded: [ '0.2.0' ],
401 silly audit   'ipaddr.js': [ '1.9.1' ],
401 silly audit   'side-channel': [ '1.1.0' ],
401 silly audit   unpipe: [ '1.0.0' ],
401 silly audit   'is-promise': [ '4.0.0' ],
401 silly audit   'path-to-regexp': [ '8.2.0' ],
401 silly audit   'es-errors': [ '1.3.0' ],
401 silly audit   'object-inspect': [ '1.13.4' ],
401 silly audit   'side-channel-list': [ '1.0.0' ],
401 silly audit   'side-channel-map': [ '1.0.1' ],
401 silly audit   'side-channel-weakmap': [ '1.0.2' ],
401 silly audit   'call-bound': [ '1.0.4' ],
401 silly audit   'get-intrinsic': [ '1.3.0' ],
401 silly audit   'call-bind-apply-helpers': [ '1.0.2' ],
401 silly audit   'function-bind': [ '1.1.2' ],
401 silly audit   'es-define-property': [ '1.0.1' ],
401 silly audit   'es-object-atoms': [ '1.1.1' ],
401 silly audit   'get-proto': [ '1.0.1' ],
401 silly audit   gopd: [ '1.2.0' ],
401 silly audit   'has-symbols': [ '1.1.0' ],
401 silly audit   hasown: [ '2.0.2' ],
401 silly audit   'math-intrinsics': [ '1.1.0' ],
401 silly audit   'dunder-proto': [ '1.0.1' ],
401 silly audit   base64id: [ '2.0.0' ],
401 silly audit   cors: [ '2.8.5' ],
401 silly audit   'engine.io': [ '6.6.4' ],
401 silly audit   'socket.io-adapter': [ '2.5.5' ],
401 silly audit   'socket.io-parser': [ '4.2.4' ],
401 silly audit   'object-assign': [ '4.1.1' ],
401 silly audit   '@types/cors': [ '2.8.17' ],
401 silly audit   '@types/node': [ '22.14.0' ],
401 silly audit   'engine.io-parser': [ '5.2.3' ],
401 silly audit   ws: [ '8.17.1' ],
401 silly audit   'undici-types': [ '6.21.0' ],
401 silly audit   '@socket.io/component-emitter': [ '3.1.2' ],
401 silly audit   'media-typer': [ '1.1.0' ]
401 silly audit }
402 silly tarball no local data for @socket.io/component-emitter@https://registry.npmjs.org/@socket.io/component-emitter/-/component-emitter-3.1.2.tgz. Extracting by manifest.
403 silly tarball no local data for ws@https://registry.npmjs.org/ws/-/ws-8.17.1.tgz. Extracting by manifest.
404 silly tarball no local data for engine.io-parser@https://registry.npmjs.org/engine.io-parser/-/engine.io-parser-5.2.3.tgz. Extracting by manifest.
405 silly tarball no local data for undici-types@https://registry.npmjs.org/undici-types/-/undici-types-6.21.0.tgz. Extracting by manifest.
406 silly tarball no local data for @types/node@https://registry.npmjs.org/@types/node/-/node-22.14.0.tgz. Extracting by manifest.
407 silly tarball no local data for @types/cors@https://registry.npmjs.org/@types/cors/-/cors-2.8.17.tgz. Extracting by manifest.
408 silly tarball no local data for socket.io-parser@https://registry.npmjs.org/socket.io-parser/-/socket.io-parser-4.2.4.tgz. Extracting by manifest.
409 silly tarball no local data for object-assign@https://registry.npmjs.org/object-assign/-/object-assign-4.1.1.tgz. Extracting by manifest.
410 silly tarball no local data for socket.io-adapter@https://registry.npmjs.org/socket.io-adapter/-/socket.io-adapter-2.5.5.tgz. Extracting by manifest.
411 silly tarball no local data for engine.io@https://registry.npmjs.org/engine.io/-/engine.io-6.6.4.tgz. Extracting by manifest.
412 silly tarball no local data for cors@https://registry.npmjs.org/cors/-/cors-2.8.5.tgz. Extracting by manifest.
413 silly tarball no local data for dunder-proto@https://registry.npmjs.org/dunder-proto/-/dunder-proto-1.0.1.tgz. Extracting by manifest.
414 silly tarball no local data for base64id@https://registry.npmjs.org/base64id/-/base64id-2.0.0.tgz. Extracting by manifest.
415 silly tarball no local data for math-intrinsics@https://registry.npmjs.org/math-intrinsics/-/math-intrinsics-1.1.0.tgz. Extracting by manifest.
416 silly tarball no local data for hasown@https://registry.npmjs.org/hasown/-/hasown-2.0.2.tgz. Extracting by manifest.
417 silly tarball no local data for has-symbols@https://registry.npmjs.org/has-symbols/-/has-symbols-1.1.0.tgz. Extracting by manifest.
418 silly tarball no local data for gopd@https://registry.npmjs.org/gopd/-/gopd-1.2.0.tgz. Extracting by manifest.
419 silly tarball no local data for get-proto@https://registry.npmjs.org/get-proto/-/get-proto-1.0.1.tgz. Extracting by manifest.
420 silly tarball no local data for es-object-atoms@https://registry.npmjs.org/es-object-atoms/-/es-object-atoms-1.1.1.tgz. Extracting by manifest.
421 silly tarball no local data for es-define-property@https://registry.npmjs.org/es-define-property/-/es-define-property-1.0.1.tgz. Extracting by manifest.
422 silly tarball no local data for function-bind@https://registry.npmjs.org/function-bind/-/function-bind-1.1.2.tgz. Extracting by manifest.
423 silly tarball no local data for media-typer@https://registry.npmjs.org/media-typer/-/media-typer-1.1.0.tgz. Extracting by manifest.
424 silly tarball no local data for call-bind-apply-helpers@https://registry.npmjs.org/call-bind-apply-helpers/-/call-bind-apply-helpers-1.0.2.tgz. Extracting by manifest.
425 silly tarball no local data for get-intrinsic@https://registry.npmjs.org/get-intrinsic/-/get-intrinsic-1.3.0.tgz. Extracting by manifest.
426 silly tarball no local data for call-bound@https://registry.npmjs.org/call-bound/-/call-bound-1.0.4.tgz. Extracting by manifest.
427 silly tarball no local data for side-channel-weakmap@https://registry.npmjs.org/side-channel-weakmap/-/side-channel-weakmap-1.0.2.tgz. Extracting by manifest.
428 silly tarball no local data for object-inspect@https://registry.npmjs.org/object-inspect/-/object-inspect-1.13.4.tgz. Extracting by manifest.
429 silly tarball no local data for side-channel-map@https://registry.npmjs.org/side-channel-map/-/side-channel-map-1.0.1.tgz. Extracting by manifest.
430 silly tarball no local data for side-channel-list@https://registry.npmjs.org/side-channel-list/-/side-channel-list-1.0.0.tgz. Extracting by manifest.
431 silly tarball no local data for es-errors@https://registry.npmjs.org/es-errors/-/es-errors-1.3.0.tgz. Extracting by manifest.
432 silly tarball no local data for path-to-regexp@https://registry.npmjs.org/path-to-regexp/-/path-to-regexp-8.2.0.tgz. Extracting by manifest.
433 silly tarball no local data for is-promise@https://registry.npmjs.org/is-promise/-/is-promise-4.0.0.tgz. Extracting by manifest.
434 silly tarball no local data for unpipe@https://registry.npmjs.org/unpipe/-/unpipe-1.0.0.tgz. Extracting by manifest.
435 silly tarball no local data for side-channel@https://registry.npmjs.org/side-channel/-/side-channel-1.1.0.tgz. Extracting by manifest.
436 silly tarball no local data for ipaddr.js@https://registry.npmjs.org/ipaddr.js/-/ipaddr.js-1.9.1.tgz. Extracting by manifest.
437 silly tarball no local data for forwarded@https://registry.npmjs.org/forwarded/-/forwarded-0.2.0.tgz. Extracting by manifest.
438 silly tarball no local data for wrappy@https://registry.npmjs.org/wrappy/-/wrappy-1.0.2.tgz. Extracting by manifest.
439 silly tarball no local data for ee-first@https://registry.npmjs.org/ee-first/-/ee-first-1.1.1.tgz. Extracting by manifest.
440 silly tarball no local data for mime-db@https://registry.npmjs.org/mime-db/-/mime-db-1.54.0.tgz. Extracting by manifest.
441 silly tarball no local data for safer-buffer@https://registry.npmjs.org/safer-buffer/-/safer-buffer-2.1.2.tgz. Extracting by manifest.
442 silly tarball no local data for toidentifier@https://registry.npmjs.org/toidentifier/-/toidentifier-1.0.1.tgz. Extracting by manifest.
443 silly tarball no local data for setprototypeof@https://registry.npmjs.org/setprototypeof/-/setprototypeof-1.2.0.tgz. Extracting by manifest.
444 silly tarball no local data for inherits@https://registry.npmjs.org/inherits/-/inherits-2.0.4.tgz. Extracting by manifest.
445 silly tarball no local data for depd@https://registry.npmjs.org/depd/-/depd-2.0.0.tgz. Extracting by manifest.
446 silly tarball no local data for ms@https://registry.npmjs.org/ms/-/ms-2.1.3.tgz. Extracting by manifest.
447 silly tarball no local data for safe-buffer@https://registry.npmjs.org/safe-buffer/-/safe-buffer-5.2.1.tgz. Extracting by manifest.
448 silly tarball no local data for raw-body@https://registry.npmjs.org/raw-body/-/raw-body-3.0.0.tgz. Extracting by manifest.
449 silly tarball no local data for iconv-lite@https://registry.npmjs.org/iconv-lite/-/iconv-lite-0.6.3.tgz. Extracting by manifest.
450 silly tarball no local data for bytes@https://registry.npmjs.org/bytes/-/bytes-3.1.2.tgz. Extracting by manifest.
451 silly tarball no local data for vary@https://registry.npmjs.org/vary/-/vary-1.1.2.tgz. Extracting by manifest.
452 silly tarball no local data for type-is@https://registry.npmjs.org/type-is/-/type-is-2.0.1.tgz. Extracting by manifest.
453 silly tarball no local data for serve-static@https://registry.npmjs.org/serve-static/-/serve-static-2.2.0.tgz. Extracting by manifest.
454 silly tarball no local data for negotiator@https://registry.npmjs.org/negotiator/-/negotiator-1.0.0.tgz. Extracting by manifest.
455 silly tarball no local data for statuses@https://registry.npmjs.org/statuses/-/statuses-2.0.1.tgz. Extracting by manifest.
456 silly tarball no local data for router@https://registry.npmjs.org/router/-/router-2.2.0.tgz. Extracting by manifest.
457 silly tarball no local data for send@https://registry.npmjs.org/send/-/send-1.2.0.tgz. Extracting by manifest.
458 silly tarball no local data for range-parser@https://registry.npmjs.org/range-parser/-/range-parser-1.2.1.tgz. Extracting by manifest.
459 silly tarball no local data for qs@https://registry.npmjs.org/qs/-/qs-6.14.0.tgz. Extracting by manifest.
460 silly tarball no local data for proxy-addr@https://registry.npmjs.org/proxy-addr/-/proxy-addr-2.0.7.tgz. Extracting by manifest.
461 silly tarball no local data for parseurl@https://registry.npmjs.org/parseurl/-/parseurl-1.3.3.tgz. Extracting by manifest.
462 silly tarball no local data for once@https://registry.npmjs.org/once/-/once-1.4.0.tgz. Extracting by manifest.
463 silly tarball no local data for mime-types@https://registry.npmjs.org/mime-types/-/mime-types-3.0.1.tgz. Extracting by manifest.
464 silly tarball no local data for on-finished@https://registry.npmjs.org/on-finished/-/on-finished-2.4.1.tgz. Extracting by manifest.
465 silly tarball no local data for merge-descriptors@https://registry.npmjs.org/merge-descriptors/-/merge-descriptors-2.0.0.tgz. Extracting by manifest.
466 silly tarball no local data for http-errors@https://registry.npmjs.org/http-errors/-/http-errors-2.0.0.tgz. Extracting by manifest.
467 silly tarball no local data for fresh@https://registry.npmjs.org/fresh/-/fresh-2.0.0.tgz. Extracting by manifest.
468 silly tarball no local data for finalhandler@https://registry.npmjs.org/finalhandler/-/finalhandler-2.1.0.tgz. Extracting by manifest.
469 silly tarball no local data for etag@https://registry.npmjs.org/etag/-/etag-1.8.1.tgz. Extracting by manifest.
470 silly tarball no local data for escape-html@https://registry.npmjs.org/escape-html/-/escape-html-1.0.3.tgz. Extracting by manifest.
471 silly tarball no local data for debug@https://registry.npmjs.org/debug/-/debug-4.4.0.tgz. Extracting by manifest.
472 silly tarball no local data for encodeurl@https://registry.npmjs.org/encodeurl/-/encodeurl-2.0.0.tgz. Extracting by manifest.
473 silly tarball no local data for cookie-signature@https://registry.npmjs.org/cookie-signature/-/cookie-signature-1.2.2.tgz. Extracting by manifest.
474 silly tarball no local data for cookie@https://registry.npmjs.org/cookie/-/cookie-0.7.2.tgz. Extracting by manifest.
475 silly tarball no local data for content-type@https://registry.npmjs.org/content-type/-/content-type-1.0.5.tgz. Extracting by manifest.
476 silly tarball no local data for content-disposition@https://registry.npmjs.org/content-disposition/-/content-disposition-1.0.0.tgz. Extracting by manifest.
477 silly tarball no local data for body-parser@https://registry.npmjs.org/body-parser/-/body-parser-2.2.0.tgz. Extracting by manifest.
478 silly tarball no local data for accepts@https://registry.npmjs.org/accepts/-/accepts-2.0.0.tgz. Extracting by manifest.
479 silly tarball no local data for socket.io@https://registry.npmjs.org/socket.io/-/socket.io-4.8.1.tgz. Extracting by manifest.
480 silly tarball no local data for express@https://registry.npmjs.org/express/-/express-5.1.0.tgz. Extracting by manifest.
481 silly tarball no local data for debug@https://registry.npmjs.org/debug/-/debug-4.3.7.tgz. Extracting by manifest.
482 silly tarball no local data for debug@https://registry.npmjs.org/debug/-/debug-4.3.7.tgz. Extracting by manifest.
483 silly tarball no local data for mime-db@https://registry.npmjs.org/mime-db/-/mime-db-1.52.0.tgz. Extracting by manifest.
484 silly tarball no local data for negotiator@https://registry.npmjs.org/negotiator/-/negotiator-0.6.3.tgz. Extracting by manifest.
485 silly tarball no local data for debug@https://registry.npmjs.org/debug/-/debug-4.3.7.tgz. Extracting by manifest.
486 silly tarball no local data for mime-types@https://registry.npmjs.org/mime-types/-/mime-types-2.1.35.tgz. Extracting by manifest.
487 silly tarball no local data for accepts@https://registry.npmjs.org/accepts/-/accepts-1.3.8.tgz. Extracting by manifest.
488 silly tarball no local data for mime-db@https://registry.npmjs.org/mime-db/-/mime-db-1.52.0.tgz. Extracting by manifest.
489 silly tarball no local data for mime-types@https://registry.npmjs.org/mime-types/-/mime-types-2.1.35.tgz. Extracting by manifest.
490 silly tarball no local data for negotiator@https://registry.npmjs.org/negotiator/-/negotiator-0.6.3.tgz. Extracting by manifest.
491 silly tarball no local data for accepts@https://registry.npmjs.org/accepts/-/accepts-1.3.8.tgz. Extracting by manifest.
492 silly tarball no local data for debug@https://registry.npmjs.org/debug/-/debug-4.3.7.tgz. Extracting by manifest.
493 http fetch POST 200 https://registry.npmjs.org/-/npm/v1/security/advisories/bulk 5176ms
494 timing auditReport:getReport Completed in 5192ms
495 silly audit report {}
496 timing auditReport:init Completed in 0ms
497 timing reify:audit Completed in 5196ms
498 http fetch GET 200 https://registry.npmjs.org/get-proto/-/get-proto-1.0.1.tgz 5192ms (cache miss)
499 http fetch GET 200 https://registry.npmjs.org/es-object-atoms/-/es-object-atoms-1.1.1.tgz 5111ms (cache miss)
500 http fetch GET 200 https://registry.npmjs.org/toidentifier/-/toidentifier-1.0.1.tgz 4580ms (cache miss)
501 timing reifyNode:node_modules/toidentifier Completed in 6012ms
502 http fetch GET 200 https://registry.npmjs.org/cors/-/cors-2.8.5.tgz 5490ms (cache miss)
503 timing reifyNode:node_modules/cors Completed in 6069ms
504 http fetch GET 200 https://registry.npmjs.org/once/-/once-1.4.0.tgz 4287ms (cache miss)
505 timing reifyNode:node_modules/once Completed in 6135ms
506 http fetch GET 200 https://registry.npmjs.org/unpipe/-/unpipe-1.0.0.tgz 4923ms (cache miss)
507 timing reifyNode:node_modules/unpipe Completed in 6204ms
508 http fetch GET 200 https://registry.npmjs.org/object-assign/-/object-assign-4.1.1.tgz 5787ms (cache miss)
509 timing reifyNode:node_modules/object-assign Completed in 6275ms
510 http fetch GET 200 https://registry.npmjs.org/base64id/-/base64id-2.0.0.tgz 5672ms (cache miss)
511 timing reifyNode:node_modules/base64id Completed in 6292ms
512 http fetch GET 200 https://registry.npmjs.org/@types/cors/-/cors-2.8.17.tgz 5884ms (cache miss)
513 timing reifyNode:node_modules/@types/cors Completed in 6315ms
514 timing reifyNode:node_modules/es-object-atoms Completed in 6324ms
515 http fetch GET 200 https://registry.npmjs.org/raw-body/-/raw-body-3.0.0.tgz 4782ms (cache miss)
516 timing reifyNode:node_modules/raw-body Completed in 6348ms
517 http fetch GET 200 https://registry.npmjs.org/ms/-/ms-2.1.3.tgz 4877ms (cache miss)
518 timing reifyNode:node_modules/ms Completed in 6389ms
519 timing reifyNode:node_modules/get-proto Completed in 6422ms
520 http fetch GET 200 https://registry.npmjs.org/call-bound/-/call-bound-1.0.4.tgz 5345ms (cache miss)
521 timing reifyNode:node_modules/call-bound Completed in 6433ms
522 http fetch GET 200 https://registry.npmjs.org/merge-descriptors/-/merge-descriptors-2.0.0.tgz 4542ms (cache miss)
523 timing reifyNode:node_modules/merge-descriptors Completed in 6440ms
524 http fetch GET 200 https://registry.npmjs.org/finalhandler/-/finalhandler-2.1.0.tgz 4451ms (cache miss)
525 timing reifyNode:node_modules/finalhandler Completed in 6456ms
526 http fetch GET 200 https://registry.npmjs.org/side-channel/-/side-channel-1.1.0.tgz 5223ms (cache miss)
527 timing reifyNode:node_modules/side-channel Completed in 6519ms
528 http fetch GET 200 https://registry.npmjs.org/forwarded/-/forwarded-0.2.0.tgz 5213ms (cache miss)
529 timing reifyNode:node_modules/forwarded Completed in 6549ms
530 http fetch GET 200 https://registry.npmjs.org/wrappy/-/wrappy-1.0.2.tgz 5206ms (cache miss)
531 timing reifyNode:node_modules/wrappy Completed in 6561ms
532 http fetch GET 200 https://registry.npmjs.org/ee-first/-/ee-first-1.1.1.tgz 5195ms (cache miss)
533 timing reifyNode:node_modules/ee-first Completed in 6576ms
534 http fetch GET 200 https://registry.npmjs.org/safer-buffer/-/safer-buffer-2.1.2.tgz 5177ms (cache miss)
535 timing reifyNode:node_modules/safer-buffer Completed in 6591ms
536 http fetch GET 200 https://registry.npmjs.org/statuses/-/statuses-2.0.1.tgz 5037ms (cache miss)
537 timing reifyNode:node_modules/statuses Completed in 6728ms
538 http fetch GET 200 https://registry.npmjs.org/inherits/-/inherits-2.0.4.tgz 5278ms (cache miss)
539 timing reifyNode:node_modules/inherits Completed in 6747ms
540 http fetch GET 200 https://registry.npmjs.org/setprototypeof/-/setprototypeof-1.2.0.tgz 5309ms (cache miss)
541 timing reifyNode:node_modules/setprototypeof Completed in 6764ms
542 http fetch GET 200 https://registry.npmjs.org/debug/-/debug-4.3.7.tgz 4106ms (cache miss)
543 timing reifyNode:node_modules/socket.io-adapter/node_modules/debug Completed in 6807ms
544 http fetch GET 200 https://registry.npmjs.org/side-channel-weakmap/-/side-channel-weakmap-1.0.2.tgz 5786ms (cache miss)
545 timing reifyNode:node_modules/side-channel-weakmap Completed in 6892ms
546 http fetch GET 200 https://registry.npmjs.org/range-parser/-/range-parser-1.2.1.tgz 5158ms (cache miss)
547 timing reifyNode:node_modules/range-parser Completed in 6911ms
548 http fetch GET 200 https://registry.npmjs.org/parseurl/-/parseurl-1.3.3.tgz 5117ms (cache miss)
549 timing reifyNode:node_modules/parseurl Completed in 6923ms
550 http fetch GET 200 https://registry.npmjs.org/cookie-signature/-/cookie-signature-1.2.2.tgz 4848ms (cache miss)
551 timing reifyNode:node_modules/cookie-signature Completed in 6960ms
552 http fetch GET 200 https://registry.npmjs.org/content-disposition/-/content-disposition-1.0.0.tgz 4784ms (cache miss)
553 timing reifyNode:node_modules/content-disposition Completed in 6971ms
554 http fetch GET 200 https://registry.npmjs.org/content-type/-/content-type-1.0.5.tgz 4819ms (cache miss)
555 timing reifyNode:node_modules/content-type Completed in 6984ms
556 http fetch GET 200 https://registry.npmjs.org/encodeurl/-/encodeurl-2.0.0.tgz 4906ms (cache miss)
557 timing reifyNode:node_modules/encodeurl Completed in 6999ms
558 http fetch GET 200 https://registry.npmjs.org/escape-html/-/escape-html-1.0.3.tgz 4993ms (cache miss)
559 timing reifyNode:node_modules/escape-html Completed in 7050ms
560 http fetch GET 200 https://registry.npmjs.org/media-typer/-/media-typer-1.1.0.tgz 6190ms (cache miss)
561 timing reifyNode:node_modules/media-typer Completed in 7137ms
562 http fetch GET 200 https://registry.npmjs.org/is-promise/-/is-promise-4.0.0.tgz 5878ms (cache miss)
563 timing reifyNode:node_modules/is-promise Completed in 7148ms
564 http fetch GET 200 https://registry.npmjs.org/on-finished/-/on-finished-2.4.1.tgz 5270ms (cache miss)
565 timing reifyNode:node_modules/on-finished Completed in 7154ms
566 http fetch GET 200 https://registry.npmjs.org/accepts/-/accepts-1.3.8.tgz 3911ms (cache miss)
567 timing reifyNode:node_modules/socket.io/node_modules/accepts Completed in 7164ms
568 http fetch GET 200 https://registry.npmjs.org/path-to-regexp/-/path-to-regexp-8.2.0.tgz 5958ms (cache miss)
569 timing reifyNode:node_modules/path-to-regexp Completed in 7215ms
570 http fetch GET 200 https://registry.npmjs.org/safe-buffer/-/safe-buffer-5.2.1.tgz 5690ms (cache miss)
571 timing reifyNode:node_modules/safe-buffer Completed in 7222ms
572 http fetch GET 200 https://registry.npmjs.org/accepts/-/accepts-1.3.8.tgz 4057ms (cache miss)
573 timing reifyNode:node_modules/engine.io/node_modules/accepts Completed in 7262ms
574 http fetch GET 200 https://registry.npmjs.org/ipaddr.js/-/ipaddr.js-1.9.1.tgz 5985ms (cache miss)
575 timing reifyNode:node_modules/ipaddr.js Completed in 7295ms
576 http fetch GET 200 https://registry.npmjs.org/serve-static/-/serve-static-2.2.0.tgz 5677ms (cache miss)
577 timing reifyNode:node_modules/serve-static Completed in 7319ms
578 http fetch GET 200 https://registry.npmjs.org/type-is/-/type-is-2.0.1.tgz 5708ms (cache miss)
579 timing reifyNode:node_modules/type-is Completed in 7333ms
580 http fetch GET 200 https://registry.npmjs.org/send/-/send-1.2.0.tgz 5605ms (cache miss)
581 timing reifyNode:node_modules/send Completed in 7344ms
582 http fetch GET 200 https://registry.npmjs.org/mime-types/-/mime-types-2.1.35.tgz 4210ms (cache miss)
583 timing reifyNode:node_modules/engine.io/node_modules/mime-types Completed in 7397ms
584 http fetch GET 200 https://registry.npmjs.org/gopd/-/gopd-1.2.0.tgz 6724ms (cache miss)
585 timing reifyNode:node_modules/gopd Completed in 7431ms
586 http fetch GET 200 https://registry.npmjs.org/bytes/-/bytes-3.1.2.tgz 5839ms (cache miss)
587 timing reifyNode:node_modules/bytes Completed in 7434ms
588 http fetch GET 200 https://registry.npmjs.org/vary/-/vary-1.1.2.tgz 5839ms (cache miss)
589 timing reifyNode:node_modules/vary Completed in 7448ms
590 http fetch GET 200 https://registry.npmjs.org/http-errors/-/http-errors-2.0.0.tgz 5502ms (cache miss)
591 timing reifyNode:node_modules/http-errors Completed in 7463ms
592 http fetch GET 200 https://registry.npmjs.org/fresh/-/fresh-2.0.0.tgz 5531ms (cache miss)
593 timing reifyNode:node_modules/fresh Completed in 7510ms
594 http fetch GET 200 https://registry.npmjs.org/cookie/-/cookie-0.7.2.tgz 5397ms (cache miss)
595 timing reifyNode:node_modules/cookie Completed in 7522ms
596 http fetch GET 200 https://registry.npmjs.org/accepts/-/accepts-2.0.0.tgz 5286ms (cache miss)
597 timing reifyNode:node_modules/accepts Completed in 7532ms
598 http fetch GET 200 https://registry.npmjs.org/etag/-/etag-1.8.1.tgz 5536ms (cache miss)
599 timing reifyNode:node_modules/etag Completed in 7556ms
600 http fetch GET 200 https://registry.npmjs.org/mime-types/-/mime-types-2.1.35.tgz 4365ms (cache miss)
601 timing reifyNode:node_modules/socket.io/node_modules/mime-types Completed in 7580ms
602 http fetch GET 200 https://registry.npmjs.org/depd/-/depd-2.0.0.tgz 6127ms (cache miss)
603 timing reifyNode:node_modules/depd Completed in 7622ms
604 http fetch GET 200 https://registry.npmjs.org/mime-types/-/mime-types-3.0.1.tgz 5757ms (cache miss)
605 timing reifyNode:node_modules/mime-types Completed in 7623ms
606 http fetch GET 200 https://registry.npmjs.org/socket.io-adapter/-/socket.io-adapter-2.5.5.tgz 7161ms (cache miss)
607 timing reifyNode:node_modules/socket.io-adapter Completed in 7671ms
608 http fetch GET 200 https://registry.npmjs.org/negotiator/-/negotiator-1.0.0.tgz 6020ms (cache miss)
609 timing reifyNode:node_modules/negotiator Completed in 7695ms
610 http fetch GET 200 https://registry.npmjs.org/proxy-addr/-/proxy-addr-2.0.7.tgz 5965ms (cache miss)
611 timing reifyNode:node_modules/proxy-addr Completed in 7756ms
612 http fetch GET 200 https://registry.npmjs.org/debug/-/debug-4.3.7.tgz 5115ms (cache miss)
613 timing reifyNode:node_modules/socket.io-parser/node_modules/debug Completed in 7796ms
614 http fetch GET 200 https://registry.npmjs.org/function-bind/-/function-bind-1.1.2.tgz 6912ms (cache miss)
615 timing reifyNode:node_modules/function-bind Completed in 7820ms
616 http fetch GET 200 https://registry.npmjs.org/debug/-/debug-4.3.7.tgz 4698ms (cache miss)
617 timing reifyNode:node_modules/engine.io/node_modules/debug Completed in 7866ms
618 http fetch GET 200 https://registry.npmjs.org/debug/-/debug-4.3.7.tgz 4590ms (cache miss)
619 timing reifyNode:node_modules/socket.io/node_modules/debug Completed in 7877ms
620 http fetch GET 200 https://registry.npmjs.org/@socket.io/component-emitter/-/component-emitter-3.1.2.tgz 7608ms (cache miss)
621 timing reifyNode:node_modules/@socket.io/component-emitter Completed in 7936ms
622 http fetch GET 200 https://registry.npmjs.org/get-intrinsic/-/get-intrinsic-1.3.0.tgz 6874ms (cache miss)
623 timing reifyNode:node_modules/get-intrinsic Completed in 7943ms
624 http fetch GET 200 https://registry.npmjs.org/hasown/-/hasown-2.0.2.tgz 7347ms (cache miss)
625 timing reifyNode:node_modules/hasown Completed in 8002ms
626 http fetch GET 200 https://registry.npmjs.org/es-define-property/-/es-define-property-1.0.1.tgz 7139ms (cache miss)
627 timing reifyNode:node_modules/es-define-property Completed in 8020ms
628 http fetch GET 200 https://registry.npmjs.org/negotiator/-/negotiator-0.6.3.tgz 5083ms (cache miss)
629 timing reifyNode:node_modules/engine.io/node_modules/negotiator Completed in 8227ms
630 http fetch GET 200 https://registry.npmjs.org/side-channel-map/-/side-channel-map-1.0.1.tgz 7091ms (cache miss)
631 timing reifyNode:node_modules/side-channel-map Completed in 8281ms
632 http fetch GET 200 https://registry.npmjs.org/router/-/router-2.2.0.tgz 6593ms (cache miss)
633 timing reifyNode:node_modules/router Completed in 8294ms
634 http fetch GET 200 https://registry.npmjs.org/debug/-/debug-4.4.0.tgz 6237ms (cache miss)
635 timing reifyNode:node_modules/debug Completed in 8314ms
636 http fetch GET 200 https://registry.npmjs.org/dunder-proto/-/dunder-proto-1.0.1.tgz 8206ms (cache miss)
637 timing reifyNode:node_modules/dunder-proto Completed in 8804ms
638 http fetch GET 200 https://registry.npmjs.org/side-channel-list/-/side-channel-list-1.0.0.tgz 7604ms (cache miss)
639 timing reifyNode:node_modules/side-channel-list Completed in 8830ms
640 http fetch GET 200 https://registry.npmjs.org/negotiator/-/negotiator-0.6.3.tgz 5625ms (cache miss)
641 timing reifyNode:node_modules/socket.io/node_modules/negotiator Completed in 8863ms
642 http fetch GET 200 https://registry.npmjs.org/has-symbols/-/has-symbols-1.1.0.tgz 8257ms (cache miss)
643 timing reifyNode:node_modules/has-symbols Completed in 8950ms
644 http fetch GET 200 https://registry.npmjs.org/body-parser/-/body-parser-2.2.0.tgz 7106ms (cache miss)
645 timing reifyNode:node_modules/body-parser Completed in 9325ms
646 http fetch GET 200 https://registry.npmjs.org/call-bind-apply-helpers/-/call-bind-apply-helpers-1.0.2.tgz 8494ms (cache miss)
647 timing reifyNode:node_modules/call-bind-apply-helpers Completed in 9449ms
648 http fetch GET 200 https://registry.npmjs.org/es-errors/-/es-errors-1.3.0.tgz 8219ms (cache miss)
649 timing reifyNode:node_modules/es-errors Completed in 9461ms
650 http fetch GET 200 https://registry.npmjs.org/mime-db/-/mime-db-1.54.0.tgz 8083ms (cache miss)
651 timing reifyNode:node_modules/mime-db Completed in 9481ms
652 http fetch GET 200 https://registry.npmjs.org/math-intrinsics/-/math-intrinsics-1.1.0.tgz 8894ms (cache miss)
653 http fetch GET 200 https://registry.npmjs.org/mime-db/-/mime-db-1.52.0.tgz 6857ms (cache miss)
654 timing reifyNode:node_modules/engine.io/node_modules/mime-db Completed in 9586ms
655 timing reifyNode:node_modules/math-intrinsics Completed in 9592ms
656 http fetch GET 200 https://registry.npmjs.org/mime-db/-/mime-db-1.52.0.tgz 6387ms (cache miss)
657 timing reifyNode:node_modules/socket.io/node_modules/mime-db Completed in 9585ms
658 http fetch GET 200 https://registry.npmjs.org/socket.io-parser/-/socket.io-parser-4.2.4.tgz 9265ms (cache miss)
659 timing reifyNode:node_modules/socket.io-parser Completed in 9732ms
660 http fetch GET 200 https://registry.npmjs.org/express/-/express-5.1.0.tgz 7125ms (cache miss)
661 timing reifyNode:node_modules/express Completed in 9739ms
662 http fetch GET 200 https://registry.npmjs.org/ws/-/ws-8.17.1.tgz 9457ms (cache miss)
663 timing reifyNode:node_modules/ws Completed in 9810ms
664 http fetch GET 200 https://registry.npmjs.org/engine.io-parser/-/engine.io-parser-5.2.3.tgz 9477ms (cache miss)
665 timing reifyNode:node_modules/engine.io-parser Completed in 9847ms
666 http fetch GET 200 https://registry.npmjs.org/object-inspect/-/object-inspect-1.13.4.tgz 8769ms (cache miss)
667 timing reifyNode:node_modules/object-inspect Completed in 9892ms
668 http fetch GET 200 https://registry.npmjs.org/qs/-/qs-6.14.0.tgz 8134ms (cache miss)
669 timing reifyNode:node_modules/qs Completed in 9907ms
670 http fetch GET 200 https://registry.npmjs.org/engine.io/-/engine.io-6.6.4.tgz 9397ms (cache miss)
671 timing reifyNode:node_modules/engine.io Completed in 9962ms
672 http fetch GET 200 https://registry.npmjs.org/undici-types/-/undici-types-6.21.0.tgz 9623ms (cache miss)
673 timing reifyNode:node_modules/undici-types Completed in 10010ms
674 http fetch GET 200 https://registry.npmjs.org/iconv-lite/-/iconv-lite-0.6.3.tgz 8445ms (cache miss)
675 timing reifyNode:node_modules/iconv-lite Completed in 10028ms
676 http fetch GET 200 https://registry.npmjs.org/socket.io/-/socket.io-4.8.1.tgz 7889ms (cache miss)
677 timing reifyNode:node_modules/socket.io Completed in 10172ms
678 http fetch GET 200 https://registry.npmjs.org/@types/node/-/node-22.14.0.tgz 9960ms (cache miss)
679 timing reifyNode:node_modules/@types/node Completed in 10371ms
680 timing reify:unpack Completed in 10375ms
681 timing reify:unretire Completed in 1ms
682 timing build:queue Completed in 25ms
683 timing build:deps Completed in 27ms
684 timing build Completed in 28ms
685 timing reify:build Completed in 31ms
686 timing reify:trash Completed in 0ms
687 timing reify:save Completed in 229ms
688 timing reify Completed in 19454ms
689 silly ADD node_modules/media-typer
690 silly ADD node_modules/@socket.io/component-emitter
691 silly ADD node_modules/undici-types
692 silly ADD node_modules/ws
693 silly ADD node_modules/engine.io-parser
694 silly ADD node_modules/@types/node
695 silly ADD node_modules/@types/cors
696 silly ADD node_modules/object-assign
697 silly ADD node_modules/socket.io-parser
698 silly ADD node_modules/socket.io-parser/node_modules/debug
699 silly ADD node_modules/socket.io-adapter
700 silly ADD node_modules/socket.io-adapter/node_modules/debug
701 silly ADD node_modules/engine.io
702 silly ADD node_modules/engine.io/node_modules/mime-db
703 silly ADD node_modules/engine.io/node_modules/negotiator
704 silly ADD node_modules/engine.io/node_modules/mime-types
705 silly ADD node_modules/engine.io/node_modules/debug
706 silly ADD node_modules/engine.io/node_modules/accepts
707 silly ADD node_modules/cors
708 silly ADD node_modules/base64id
709 silly ADD node_modules/dunder-proto
710 silly ADD node_modules/math-intrinsics
711 silly ADD node_modules/hasown
712 silly ADD node_modules/has-symbols
713 silly ADD node_modules/gopd
714 silly ADD node_modules/get-proto
715 silly ADD node_modules/es-object-atoms
716 silly ADD node_modules/es-define-property
717 silly ADD node_modules/function-bind
718 silly ADD node_modules/call-bind-apply-helpers
719 silly ADD node_modules/get-intrinsic
720 silly ADD node_modules/call-bound
721 silly ADD node_modules/side-channel-weakmap
722 silly ADD node_modules/side-channel-map
723 silly ADD node_modules/side-channel-list
724 silly ADD node_modules/object-inspect
725 silly ADD node_modules/es-errors
726 silly ADD node_modules/path-to-regexp
727 silly ADD node_modules/is-promise
728 silly ADD node_modules/unpipe
729 silly ADD node_modules/side-channel
730 silly ADD node_modules/ipaddr.js
731 silly ADD node_modules/forwarded
732 silly ADD node_modules/wrappy
733 silly ADD node_modules/ee-first
734 silly ADD node_modules/mime-db
735 silly ADD node_modules/safer-buffer
736 silly ADD node_modules/toidentifier
737 silly ADD node_modules/setprototypeof
738 silly ADD node_modules/inherits
739 silly ADD node_modules/depd
740 silly ADD node_modules/ms
741 silly ADD node_modules/safe-buffer
742 silly ADD node_modules/raw-body
743 silly ADD node_modules/iconv-lite
744 silly ADD node_modules/bytes
745 silly ADD node_modules/negotiator
746 silly ADD node_modules/vary
747 silly ADD node_modules/type-is
748 silly ADD node_modules/statuses
749 silly ADD node_modules/serve-static
750 silly ADD node_modules/send
751 silly ADD node_modules/router
752 silly ADD node_modules/range-parser
753 silly ADD node_modules/qs
754 silly ADD node_modules/proxy-addr
755 silly ADD node_modules/parseurl
756 silly ADD node_modules/once
757 silly ADD node_modules/on-finished
758 silly ADD node_modules/mime-types
759 silly ADD node_modules/merge-descriptors
760 silly ADD node_modules/http-errors
761 silly ADD node_modules/fresh
762 silly ADD node_modules/finalhandler
763 silly ADD node_modules/etag
764 silly ADD node_modules/escape-html
765 silly ADD node_modules/encodeurl
766 silly ADD node_modules/debug
767 silly ADD node_modules/cookie-signature
768 silly ADD node_modules/cookie
769 silly ADD node_modules/content-type
770 silly ADD node_modules/content-disposition
771 silly ADD node_modules/body-parser
772 silly ADD node_modules/accepts
773 silly ADD node_modules/socket.io
774 silly ADD node_modules/socket.io/node_modules/mime-db
775 silly ADD node_modules/socket.io/node_modules/negotiator
776 silly ADD node_modules/socket.io/node_modules/mime-types
777 silly ADD node_modules/socket.io/node_modules/debug
778 silly ADD node_modules/socket.io/node_modules/accepts
779 silly ADD node_modules/express
780 timing command:install Completed in 19502ms
781 verbose exit 0
782 timing npm Completed in 20556ms
783 info ok
