0 verbose cli /usr/bin/node /usr/bin/npm
1 info using npm@10.8.2
2 info using node@v18.20.8
3 silly config load:file:/usr/lib/node_modules/npm/npmrc
4 silly config load:file:/home/ubuntu/.npmrc
5 silly config load:file:/usr/etc/npmrc
6 verbose title npm install express socket.io
7 verbose argv "install" "express" "socket.io"
8 verbose logfile logs-max:10 dir:/home/ubuntu/.npm/_logs/2025-04-07T05_27_59_832Z-
9 verbose logfile /home/ubuntu/.npm/_logs/2025-04-07T05_27_59_832Z-debug-0.log
10 silly packumentCache heap:2197815296 maxSize:549453824 maxEntrySize:274726912
11 silly logfile done cleaning log files
12 silly idealTree buildDeps
13 silly fetch manifest express@^5.1.0
14 silly packumentCache full:https://registry.npmjs.org/express cache-miss
15 http fetch GET 200 https://registry.npmjs.org/express 154ms (cache hit)
16 silly packumentCache full:https://registry.npmjs.org/express set size:786858 disposed:false
17 silly fetch manifest socket.io@^4.8.1
18 silly packumentCache full:https://registry.npmjs.org/socket.io cache-miss
19 http fetch GET 200 https://registry.npmjs.org/socket.io 23ms (cache hit)
20 silly packumentCache full:https://registry.npmjs.org/socket.io set size:373591 disposed:false
21 silly placeDep ROOT express@5.1.0 REPLACE for: ubuntu@1.0.0 want: ^5.1.0
22 silly placeDep ROOT socket.io@4.8.1 REPLACE for: ubuntu@1.0.0 want: ^4.8.1
23 silly reify moves {}
24 silly audit bulk request {
24 silly audit   '@socket.io/component-emitter': [ '3.1.2' ],
24 silly audit   '@types/cors': [ '2.8.17' ],
24 silly audit   '@types/node': [ '22.14.0' ],
24 silly audit   accepts: [ '2.0.0', '1.3.8' ],
24 silly audit   base64id: [ '2.0.0' ],
24 silly audit   'body-parser': [ '2.2.0' ],
24 silly audit   bytes: [ '3.1.2' ],
24 silly audit   'call-bind-apply-helpers': [ '1.0.2' ],
24 silly audit   'call-bound': [ '1.0.4' ],
24 silly audit   'content-disposition': [ '1.0.0' ],
24 silly audit   'content-type': [ '1.0.5' ],
24 silly audit   cookie: [ '0.7.2' ],
24 silly audit   'cookie-signature': [ '1.2.2' ],
24 silly audit   cors: [ '2.8.5' ],
24 silly audit   debug: [ '4.4.0', '4.3.7' ],
24 silly audit   depd: [ '2.0.0' ],
24 silly audit   'dunder-proto': [ '1.0.1' ],
24 silly audit   'ee-first': [ '1.1.1' ],
24 silly audit   encodeurl: [ '2.0.0' ],
24 silly audit   'engine.io': [ '6.6.4' ],
24 silly audit   'engine.io-parser': [ '5.2.3' ],
24 silly audit   'mime-db': [ '1.52.0', '1.54.0' ],
24 silly audit   'mime-types': [ '2.1.35', '3.0.1' ],
24 silly audit   negotiator: [ '0.6.3', '1.0.0' ],
24 silly audit   'es-define-property': [ '1.0.1' ],
24 silly audit   'es-errors': [ '1.3.0' ],
24 silly audit   'es-object-atoms': [ '1.1.1' ],
24 silly audit   'escape-html': [ '1.0.3' ],
24 silly audit   etag: [ '1.8.1' ],
24 silly audit   finalhandler: [ '2.1.0' ],
24 silly audit   forwarded: [ '0.2.0' ],
24 silly audit   fresh: [ '2.0.0' ],
24 silly audit   'function-bind': [ '1.1.2' ],
24 silly audit   'get-intrinsic': [ '1.3.0' ],
24 silly audit   'get-proto': [ '1.0.1' ],
24 silly audit   gopd: [ '1.2.0' ],
24 silly audit   'has-symbols': [ '1.1.0' ],
24 silly audit   hasown: [ '2.0.2' ],
24 silly audit   'http-errors': [ '2.0.0' ],
24 silly audit   'iconv-lite': [ '0.6.3' ],
24 silly audit   inherits: [ '2.0.4' ],
24 silly audit   'ipaddr.js': [ '1.9.1' ],
24 silly audit   'is-promise': [ '4.0.0' ],
24 silly audit   'math-intrinsics': [ '1.1.0' ],
24 silly audit   'media-typer': [ '1.1.0' ],
24 silly audit   'merge-descriptors': [ '2.0.0' ],
24 silly audit   ms: [ '2.1.3' ],
24 silly audit   'object-assign': [ '4.1.1' ],
24 silly audit   'object-inspect': [ '1.13.4' ],
24 silly audit   'on-finished': [ '2.4.1' ],
24 silly audit   once: [ '1.4.0' ],
24 silly audit   parseurl: [ '1.3.3' ],
24 silly audit   'path-to-regexp': [ '8.2.0' ],
24 silly audit   'proxy-addr': [ '2.0.7' ],
24 silly audit   qs: [ '6.14.0' ],
24 silly audit   'range-parser': [ '1.2.1' ],
24 silly audit   'raw-body': [ '3.0.0' ],
24 silly audit   router: [ '2.2.0' ],
24 silly audit   'safe-buffer': [ '5.2.1' ],
24 silly audit   'safer-buffer': [ '2.1.2' ],
24 silly audit   send: [ '1.2.0' ],
24 silly audit   'serve-static': [ '2.2.0' ],
24 silly audit   setprototypeof: [ '1.2.0' ],
24 silly audit   'side-channel': [ '1.1.0' ],
24 silly audit   'side-channel-list': [ '1.0.0' ],
24 silly audit   'side-channel-map': [ '1.0.1' ],
24 silly audit   'side-channel-weakmap': [ '1.0.2' ],
24 silly audit   'socket.io-adapter': [ '2.5.5' ],
24 silly audit   'socket.io-parser': [ '4.2.4' ],
24 silly audit   statuses: [ '2.0.1' ],
24 silly audit   toidentifier: [ '1.0.1' ],
24 silly audit   'type-is': [ '2.0.1' ],
24 silly audit   'undici-types': [ '6.21.0' ],
24 silly audit   unpipe: [ '1.0.0' ],
24 silly audit   vary: [ '1.1.2' ],
24 silly audit   wrappy: [ '1.0.2' ],
24 silly audit   ws: [ '8.17.1' ],
24 silly audit   express: [ '5.1.0' ],
24 silly audit   'socket.io': [ '4.8.1' ]
24 silly audit }
25 http fetch POST 200 https://registry.npmjs.org/-/npm/v1/security/advisories/bulk 1393ms
26 silly audit report {}
27 verbose cwd /home/ubuntu
28 verbose os Linux 5.15.0-94-generic
29 verbose node v18.20.8
30 verbose npm  v10.8.2
31 verbose exit 0
32 info ok
