0 verbose cli [ '/usr/bin/node', '/usr/bin/npm', 'install', 'express', 'socket.io' ]
1 info using npm@8.5.1
2 info using node@v12.22.9
3 timing npm:load:whichnode Completed in 1ms
4 timing config:load:defaults Completed in 7ms
5 timing config:load:file:/usr/share/nodejs/npm/npmrc Completed in 10ms
6 timing config:load:builtin Completed in 11ms
7 timing config:load:cli Completed in 7ms
8 timing config:load:env Completed in 1ms
9 timing config:load:project Completed in 4ms
10 timing config:load:file:/home/ubuntu/.npmrc Completed in 1ms
11 timing config:load:user Completed in 1ms
12 timing config:load:file:/etc/npmrc Completed in 0ms
13 timing config:load:global Completed in 1ms
14 timing config:load:validate Completed in 1ms
15 timing config:load:credentials Completed in 3ms
16 timing config:load:setEnvs Completed in 3ms
17 timing config:load Completed in 41ms
18 timing npm:load:configload Completed in 41ms
19 timing npm:load:setTitle Completed in 2ms
20 timing config:load:flatten Completed in 11ms
21 timing npm:load:display Completed in 19ms
22 verbose logfile /home/ubuntu/.npm/_logs/2025-04-07T05_04_02_458Z-debug-0.log
23 timing npm:load:logFile Completed in 18ms
24 timing npm:load:timers Completed in 1ms
25 timing npm:load:configScope Completed in 0ms
26 timing npm:load Completed in 84ms
27 timing arborist:ctor Completed in 4ms
28 timing idealTree:init Completed in 481ms
29 timing idealTree:userRequests Completed in 19ms
30 silly idealTree buildDeps
31 silly fetch manifest express@^5.1.0
32 timing arborist:ctor Completed in 0ms
33 http fetch GET 200 https://registry.npmjs.org/express 763ms (cache miss)
34 silly fetch manifest socket.io@^4.8.1
35 http fetch GET 200 https://registry.npmjs.org/socket.io 279ms (cache miss)
36 silly placeDep ROOT express@5.1.0 REPLACE for: ubuntu@1.0.0 want: ^5.1.0
37 silly placeDep ROOT socket.io@4.8.1 REPLACE for: ubuntu@1.0.0 want: ^4.8.1
38 timing idealTree:#root Completed in 1112ms
39 timing idealTree:node_modules/express Completed in 1ms
40 timing idealTree:node_modules/socket.io Completed in 0ms
41 timing idealTree:buildDeps Completed in 1117ms
42 timing idealTree:fixDepFlags Completed in 2ms
43 warn EBADENGINE Unsupported engine {
43 warn EBADENGINE   package: 'body-parser@2.2.0',
43 warn EBADENGINE   required: { node: '>=18' },
43 warn EBADENGINE   current: { node: 'v12.22.9', npm: '8.5.1' }
43 warn EBADENGINE }
44 warn EBADENGINE Unsupported engine {
44 warn EBADENGINE   package: 'merge-descriptors@2.0.0',
44 warn EBADENGINE   required: { node: '>=18' },
44 warn EBADENGINE   current: { node: 'v12.22.9', npm: '8.5.1' }
44 warn EBADENGINE }
45 warn EBADENGINE Unsupported engine {
45 warn EBADENGINE   package: 'path-to-regexp@8.2.0',
45 warn EBADENGINE   required: { node: '>=16' },
45 warn EBADENGINE   current: { node: 'v12.22.9', npm: '8.5.1' }
45 warn EBADENGINE }
46 warn EBADENGINE Unsupported engine {
46 warn EBADENGINE   package: 'router@2.2.0',
46 warn EBADENGINE   required: { node: '>= 18' },
46 warn EBADENGINE   current: { node: 'v12.22.9', npm: '8.5.1' }
46 warn EBADENGINE }
47 warn EBADENGINE Unsupported engine {
47 warn EBADENGINE   package: 'send@1.2.0',
47 warn EBADENGINE   required: { node: '>= 18' },
47 warn EBADENGINE   current: { node: 'v12.22.9', npm: '8.5.1' }
47 warn EBADENGINE }
48 warn EBADENGINE Unsupported engine {
48 warn EBADENGINE   package: 'serve-static@2.2.0',
48 warn EBADENGINE   required: { node: '>= 18' },
48 warn EBADENGINE   current: { node: 'v12.22.9', npm: '8.5.1' }
48 warn EBADENGINE }
49 warn EBADENGINE Unsupported engine {
49 warn EBADENGINE   package: 'express@5.1.0',
49 warn EBADENGINE   required: { node: '>= 18' },
49 warn EBADENGINE   current: { node: 'v12.22.9', npm: '8.5.1' }
49 warn EBADENGINE }
50 timing idealTree Completed in 1649ms
51 timing reify:loadTrees Completed in 1651ms
52 timing reify:diffTrees Completed in 7ms
53 silly reify moves {}
54 timing reify:retireShallow Completed in 0ms
55 timing reify:createSparse Completed in 0ms
56 timing reify:loadBundles Completed in 0ms
57 silly audit bulk request {
57 silly audit   '@socket.io/component-emitter': [ '3.1.2' ],
57 silly audit   '@types/cors': [ '2.8.17' ],
57 silly audit   '@types/node': [ '22.14.0' ],
57 silly audit   accepts: [ '2.0.0', '1.3.8' ],
57 silly audit   base64id: [ '2.0.0' ],
57 silly audit   'body-parser': [ '2.2.0' ],
57 silly audit   bytes: [ '3.1.2' ],
57 silly audit   'call-bind-apply-helpers': [ '1.0.2' ],
57 silly audit   'call-bound': [ '1.0.4' ],
57 silly audit   'content-disposition': [ '1.0.0' ],
57 silly audit   'content-type': [ '1.0.5' ],
57 silly audit   cookie: [ '0.7.2' ],
57 silly audit   'cookie-signature': [ '1.2.2' ],
57 silly audit   cors: [ '2.8.5' ],
57 silly audit   debug: [ '4.4.0', '4.3.7' ],
57 silly audit   depd: [ '2.0.0' ],
57 silly audit   'dunder-proto': [ '1.0.1' ],
57 silly audit   'ee-first': [ '1.1.1' ],
57 silly audit   encodeurl: [ '2.0.0' ],
57 silly audit   'engine.io': [ '6.6.4' ],
57 silly audit   'engine.io-parser': [ '5.2.3' ],
57 silly audit   'mime-db': [ '1.52.0', '1.54.0' ],
57 silly audit   'mime-types': [ '2.1.35', '3.0.1' ],
57 silly audit   negotiator: [ '0.6.3', '1.0.0' ],
57 silly audit   'es-define-property': [ '1.0.1' ],
57 silly audit   'es-errors': [ '1.3.0' ],
57 silly audit   'es-object-atoms': [ '1.1.1' ],
57 silly audit   'escape-html': [ '1.0.3' ],
57 silly audit   etag: [ '1.8.1' ],
57 silly audit   finalhandler: [ '2.1.0' ],
57 silly audit   forwarded: [ '0.2.0' ],
57 silly audit   fresh: [ '2.0.0' ],
57 silly audit   'function-bind': [ '1.1.2' ],
57 silly audit   'get-intrinsic': [ '1.3.0' ],
57 silly audit   'get-proto': [ '1.0.1' ],
57 silly audit   gopd: [ '1.2.0' ],
57 silly audit   'has-symbols': [ '1.1.0' ],
57 silly audit   hasown: [ '2.0.2' ],
57 silly audit   'http-errors': [ '2.0.0' ],
57 silly audit   'iconv-lite': [ '0.6.3' ],
57 silly audit   inherits: [ '2.0.4' ],
57 silly audit   'ipaddr.js': [ '1.9.1' ],
57 silly audit   'is-promise': [ '4.0.0' ],
57 silly audit   'math-intrinsics': [ '1.1.0' ],
57 silly audit   'media-typer': [ '1.1.0' ],
57 silly audit   'merge-descriptors': [ '2.0.0' ],
57 silly audit   ms: [ '2.1.3' ],
57 silly audit   'object-assign': [ '4.1.1' ],
57 silly audit   'object-inspect': [ '1.13.4' ],
57 silly audit   'on-finished': [ '2.4.1' ],
57 silly audit   once: [ '1.4.0' ],
57 silly audit   parseurl: [ '1.3.3' ],
57 silly audit   'path-to-regexp': [ '8.2.0' ],
57 silly audit   'proxy-addr': [ '2.0.7' ],
57 silly audit   qs: [ '6.14.0' ],
57 silly audit   'range-parser': [ '1.2.1' ],
57 silly audit   'raw-body': [ '3.0.0' ],
57 silly audit   router: [ '2.2.0' ],
57 silly audit   'safe-buffer': [ '5.2.1' ],
57 silly audit   'safer-buffer': [ '2.1.2' ],
57 silly audit   send: [ '1.2.0' ],
57 silly audit   'serve-static': [ '2.2.0' ],
57 silly audit   setprototypeof: [ '1.2.0' ],
57 silly audit   'side-channel': [ '1.1.0' ],
57 silly audit   'side-channel-list': [ '1.0.0' ],
57 silly audit   'side-channel-map': [ '1.0.1' ],
57 silly audit   'side-channel-weakmap': [ '1.0.2' ],
57 silly audit   'socket.io-adapter': [ '2.5.5' ],
57 silly audit   'socket.io-parser': [ '4.2.4' ],
57 silly audit   statuses: [ '2.0.1' ],
57 silly audit   toidentifier: [ '1.0.1' ],
57 silly audit   'type-is': [ '2.0.1' ],
57 silly audit   'undici-types': [ '6.21.0' ],
57 silly audit   unpipe: [ '1.0.0' ],
57 silly audit   vary: [ '1.1.2' ],
57 silly audit   wrappy: [ '1.0.2' ],
57 silly audit   ws: [ '8.17.1' ],
57 silly audit   express: [ '5.1.0' ],
57 silly audit   'socket.io': [ '4.8.1' ]
57 silly audit }
58 timing reify:unpack Completed in 1ms
59 timing reify:unretire Completed in 0ms
60 timing build:queue Completed in 0ms
61 timing build:deps Completed in 2ms
62 timing build Completed in 2ms
63 timing reify:build Completed in 3ms
64 timing reify:trash Completed in 0ms
65 timing reify:save Completed in 182ms
66 http fetch POST 200 https://registry.npmjs.org/-/npm/v1/security/advisories/bulk 479ms
67 timing auditReport:getReport Completed in 489ms
68 silly audit report {}
69 timing auditReport:init Completed in 0ms
70 timing reify:audit Completed in 494ms
71 timing reify Completed in 2205ms
72 timing command:install Completed in 2233ms
73 verbose exit 0
74 timing npm Completed in 3070ms
75 info ok
