0 verbose cli [ '/usr/bin/node', '/usr/bin/npm', 'init', '-y' ]
1 info using npm@8.5.1
2 info using node@v12.22.9
3 timing npm:load:whichnode Completed in 1ms
4 timing config:load:defaults Completed in 7ms
5 timing config:load:file:/usr/share/nodejs/npm/npmrc Completed in 13ms
6 timing config:load:builtin Completed in 15ms
7 timing config:load:cli Completed in 9ms
8 timing config:load:env Completed in 1ms
9 timing config:load:project Completed in 4ms
10 timing config:load:file:/home/ubuntu/.npmrc Completed in 1ms
11 timing config:load:user Completed in 2ms
12 timing config:load:file:/etc/npmrc Completed in 1ms
13 timing config:load:global Completed in 1ms
14 timing config:load:validate Completed in 1ms
15 timing config:load:credentials Completed in 7ms
16 timing config:load:setEnvs Completed in 6ms
17 timing config:load Completed in 55ms
18 timing npm:load:configload Completed in 57ms
19 timing npm:load:setTitle Completed in 1ms
20 timing config:load:flatten Completed in 14ms
21 timing npm:load:display Completed in 23ms
22 verbose logfile /home/ubuntu/.npm/_logs/2025-04-07T03_47_02_135Z-debug-0.log
23 timing npm:load:logFile Completed in 23ms
24 timing npm:load:timers Completed in 0ms
25 timing npm:load:configScope Completed in 0ms
26 timing npm:load Completed in 108ms
27 silly package data {
27 silly package data   name: 'ubuntu',
27 silly package data   version: '1.0.0',
27 silly package data   description: '',
27 silly package data   main: 'index.js',
27 silly package data   scripts: { test: 'echo "Error: no test specified" && exit 1' },
27 silly package data   keywords: [],
27 silly package data   author: '',
27 silly package data   license: 'ISC'
27 silly package data }
28 info init written successfully
29 timing command:init Completed in 121ms
30 verbose exit 0
31 timing npm Completed in 1342ms
32 info ok
