0 verbose cli [ '/usr/bin/node', '/usr/bin/npm', '-v' ]
1 info using npm@8.5.1
2 info using node@v12.22.9
3 timing npm:load:whichnode Completed in 1ms
4 timing config:load:defaults Completed in 11ms
5 timing config:load:file:/usr/share/nodejs/npm/npmrc Completed in 13ms
6 timing config:load:builtin Completed in 13ms
7 timing config:load:cli Completed in 10ms
8 timing config:load:env Completed in 2ms
9 timing config:load:project Completed in 8ms
10 timing config:load:file:/home/ubuntu/.npmrc Completed in 1ms
11 timing config:load:user Completed in 1ms
12 timing config:load:file:/etc/npmrc Completed in 1ms
13 timing config:load:global Completed in 2ms
14 timing config:load:validate Completed in 1ms
15 timing config:load:credentials Completed in 3ms
16 timing config:load:setEnvs Completed in 5ms
17 timing config:load Completed in 61ms
18 timing npm:load:configload Completed in 62ms
19 timing npm:load:setTitle Completed in 2ms
20 timing config:load:flatten Completed in 19ms
21 timing npm:load:display Completed in 27ms
22 verbose logfile /home/ubuntu/.npm/_logs/2025-04-07T03_48_43_036Z-debug-0.log
23 timing npm:load:logFile Completed in 26ms
24 timing npm:load:timers Completed in 0ms
25 timing npm:load:configScope Completed in 0ms
26 timing npm:load Completed in 122ms
27 verbose exit 0
28 timing npm Completed in 825ms
29 info ok
