0 verbose cli /usr/bin/node /usr/bin/npm
1 info using npm@10.8.2
2 info using node@v18.20.8
3 silly config load:file:/usr/lib/node_modules/npm/npmrc
4 silly config load:file:/home/ubuntu/.npmrc
5 silly config load:file:/usr/etc/npmrc
6 verbose title npm init
7 verbose argv "init" "--yes"
8 verbose logfile logs-max:10 dir:/home/ubuntu/.npm/_logs/2025-04-07T05_27_58_020Z-
9 verbose logfile /home/ubuntu/.npm/_logs/2025-04-07T05_27_58_020Z-debug-0.log
10 silly logfile done cleaning log files
11 silly package data {
11 silly package data   name: 'ubuntu',
11 silly package data   version: '1.0.0',
11 silly package data   main: 'index.js',
11 silly package data   scripts: {
11 silly package data     test: 'echo "Error: no test specified" && exit 1',
11 silly package data     start: 'node server.js'
11 silly package data   },
11 silly package data   keywords: [],
11 silly package data   author: '',
11 silly package data   license: 'ISC',
11 silly package data   dependencies: { express: '^5.1.0', 'socket.io': '^4.8.1' },
11 silly package data   devDependencies: {},
11 silly package data   description: '',
11 silly package data   [Symbol(newline)]: '\n',
11 silly package data   [Symbol(indent)]: '  '
11 silly package data }
12 verbose cwd /home/ubuntu
13 verbose os Linux 5.15.0-94-generic
14 verbose node v18.20.8
15 verbose npm  v10.8.2
16 verbose exit 0
17 info ok
